4
Plot #1
DO OMV (243,255,7) o
DO RMV (255,48,7) s
DO NSV-1 (247,6,255) d
DO NSV-2 (255,46,189) np
DO NSV-3 (255,224,238) np
DO GOMV (80,255,16) np
DO HMV (191,204,135) np
AI RPT-1 (255,238,3) np
AI RPT-2 (139,255,51) np
AI RPT-3 (90,255,186) np
AI RPT-4 (137,198,255) np
AI RPT-5 (212,181,255) np

Plot #2
DO OMV (243,255,7) o
DO RMV (255,48,7) s
DO NSV-1 (247,6,255) d
DO NSV-2 (255,46,189) np
DO NSV-3 (255,224,238) np
DO GOMV (80,255,16) np
DO HMV (191,204,135) np
AI OPT-1 (5,251,255) np
AI OPT-2 (42,134,255) np
AI OPT-3 (194,96,255) np
AI OPT-4 (255,143,255) np

Plot #3
AI RPT-1 (255,238,3) np
AI RPT-2 (139,255,51) s
AI RPT-3 (90,255,186) np
AI RPT-4 (137,198,255) np
AI RPT-5 (212,181,255) o

Plot #4
AI OPT-1 (5,251,255) np
AI OPT-2 (42,134,255) o
AI OPT-3 (194,96,255) np
AI OPT-4 (255,143,255) np

